<?xml version="1.0" encoding="UTF-8"?>
<!-- Generated by org.testng.reporters.JUnitReportReporter -->
<testsuite hostname="SomuSugga" failures="0" tests="1" name="test_cases.LoginTest" time="3.343" errors="0" timestamp="2023-12-17T19:56:29 EST" skipped="0">
  <testcase classname="test_cases.LoginTest" name="logintoapp" time="3.343"/>
</testsuite> <!-- test_cases.LoginTest -->
