<?xml version="1.0" encoding="UTF-8"?>
<!-- Generated by org.testng.reporters.JUnitReportReporter -->
<testsuite skipped="0" hostname="SomuSugga" name="test_cases.LoginTest" tests="1" failures="0" timestamp="18 Dec 2023 01:06:41 GMT" time="3.647" errors="0">
  <testcase name="logintoapp" time="3.647" classname="test_cases.LoginTest"/>
</testsuite> <!-- test_cases.LoginTest -->
